2025-08-24 00:17:33,364 - INFO - /home/computron/Documents/pythonTools/modules/abstract_apis/src/abstract_apis/apiTab/__init__.py - → GET http://127.0.0.1:5000/api/endpoints
2025-08-24 00:17:33,385 - ERROR - /home/computron/Documents/pythonTools/modules/abstract_apis/src/abstract_apis/apiTab/__init__.py - ✖ GET http://127.0.0.1:5000/api/endpoints — NetworkError.ContentNotFoundError: Error transferring http://127.0.0.1:5000/api/endpoints - server replied: NOT FOUND
2025-08-24 00:18:08,165 - INFO - /home/computron/Documents/pythonTools/modules/abstract_apis/src/abstract_apis/apiTab/__init__.py - → GET https://abstractendeavors.com/api/endpoints
2025-08-24 00:18:08,342 - INFO - /home/computron/Documents/pythonTools/modules/abstract_apis/src/abstract_apis/apiTab/__init__.py - ✔ GET https://abstractendeavors.com/api/endpoints
2025-08-24 00:21:11,356 - INFO - /home/computron/Documents/pythonTools/modules/abstract_apis/src/abstract_apis/apiTab/__init__.py - → GET https://abstractendeavors.com/api/endpoints
2025-08-24 00:21:11,485 - ERROR - /home/computron/Documents/pythonTools/modules/abstract_apis/src/abstract_apis/apiTab/__init__.py - ✖ GET https://abstractendeavors.com/api/endpoints — NetworkError.InternalServerError: Error transferring https://abstractendeavors.com/api/endpoints - server replied: 
2025-08-24 00:21:26,589 - INFO - /home/computron/Documents/pythonTools/modules/abstract_apis/src/abstract_apis/apiTab/__init__.py - → Detecting prefix from ['https://abstractendeavors.com/config', 'https://abstractendeavors.com/__config', 'https://abstractendeavors.com/_meta']
2025-08-24 00:21:26,604 - INFO - /home/computron/Documents/pythonTools/modules/abstract_apis/src/abstract_apis/apiTab/__init__.py - ✔ GET https://abstractendeavors.com/config
2025-08-24 00:21:26,635 - INFO - /home/computron/Documents/pythonTools/modules/abstract_apis/src/abstract_apis/apiTab/__init__.py - ✔ GET https://abstractendeavors.com/__config
2025-08-24 00:21:26,656 - INFO - /home/computron/Documents/pythonTools/modules/abstract_apis/src/abstract_apis/apiTab/__init__.py - ✔ GET https://abstractendeavors.com/_meta
2025-08-24 00:21:26,675 - WARNING - /home/computron/Documents/pythonTools/modules/abstract_apis/src/abstract_apis/apiTab/__init__.py - ⚠ No prefix detected; using /api
2025-08-24 00:21:28,857 - INFO - /home/computron/Documents/pythonTools/modules/abstract_apis/src/abstract_apis/apiTab/__init__.py - → GET https://abstractendeavors.com/api/endpoints
2025-08-24 00:21:28,914 - INFO - /home/computron/Documents/pythonTools/modules/abstract_apis/src/abstract_apis/apiTab/__init__.py - ✔ GET https://abstractendeavors.com/api/endpoints
2025-08-24 00:24:18,966 - INFO - /home/computron/Documents/pythonTools/modules/abstract_apis/src/abstract_apis/apiTab/__init__.py - → GET https://clownworld.biz/api/endpoints
2025-08-24 00:24:19,232 - INFO - /home/computron/Documents/pythonTools/modules/abstract_apis/src/abstract_apis/apiTab/__init__.py - ✔ GET https://clownworld.biz/api/endpoints
2025-08-24 00:24:22,844 - INFO - /home/computron/Documents/pythonTools/modules/abstract_apis/src/abstract_apis/apiTab/__init__.py - → Detecting prefix from ['https://clownworld.biz/config', 'https://clownworld.biz/__config', 'https://clownworld.biz/_meta']
2025-08-24 00:24:22,903 - INFO - /home/computron/Documents/pythonTools/modules/abstract_apis/src/abstract_apis/apiTab/__init__.py - ✔ GET https://clownworld.biz/config
2025-08-24 00:24:22,948 - INFO - /home/computron/Documents/pythonTools/modules/abstract_apis/src/abstract_apis/apiTab/__init__.py - ✔ GET https://clownworld.biz/__config
2025-08-24 00:24:22,993 - INFO - /home/computron/Documents/pythonTools/modules/abstract_apis/src/abstract_apis/apiTab/__init__.py - ✔ GET https://clownworld.biz/_meta
2025-08-24 00:24:23,020 - WARNING - /home/computron/Documents/pythonTools/modules/abstract_apis/src/abstract_apis/apiTab/__init__.py - ⚠ No prefix detected; using /api
2025-08-24 00:24:25,537 - INFO - /home/computron/Documents/pythonTools/modules/abstract_apis/src/abstract_apis/apiTab/__init__.py - → GET https://abstractendeavors.com/api/endpoints
2025-08-24 00:24:25,617 - ERROR - /home/computron/Documents/pythonTools/modules/abstract_apis/src/abstract_apis/apiTab/__init__.py - ✖ GET https://abstractendeavors.com/api/endpoints — NetworkError.InternalServerError: Error transferring https://abstractendeavors.com/api/endpoints - server replied: 
2025-08-24 00:24:26,727 - INFO - /home/computron/Documents/pythonTools/modules/abstract_apis/src/abstract_apis/apiTab/__init__.py - → GET https://abstractendeavors.com/api/endpoints
2025-08-24 00:24:26,787 - ERROR - /home/computron/Documents/pythonTools/modules/abstract_apis/src/abstract_apis/apiTab/__init__.py - ✖ GET https://abstractendeavors.com/api/endpoints — NetworkError.InternalServerError: Error transferring https://abstractendeavors.com/api/endpoints - server replied: 
2025-08-24 00:24:28,451 - INFO - /home/computron/Documents/pythonTools/modules/abstract_apis/src/abstract_apis/apiTab/__init__.py - → Detecting prefix from ['https://abstractendeavors.com/config', 'https://abstractendeavors.com/__config', 'https://abstractendeavors.com/_meta']
2025-08-24 00:24:28,473 - INFO - /home/computron/Documents/pythonTools/modules/abstract_apis/src/abstract_apis/apiTab/__init__.py - ✔ GET https://abstractendeavors.com/config
2025-08-24 00:24:28,499 - INFO - /home/computron/Documents/pythonTools/modules/abstract_apis/src/abstract_apis/apiTab/__init__.py - ✔ GET https://abstractendeavors.com/__config
2025-08-24 00:24:28,525 - INFO - /home/computron/Documents/pythonTools/modules/abstract_apis/src/abstract_apis/apiTab/__init__.py - ✔ GET https://abstractendeavors.com/_meta
2025-08-24 00:24:28,540 - WARNING - /home/computron/Documents/pythonTools/modules/abstract_apis/src/abstract_apis/apiTab/__init__.py - ⚠ No prefix detected; using /api
2025-08-24 00:24:35,876 - INFO - /home/computron/Documents/pythonTools/modules/abstract_apis/src/abstract_apis/apiTab/__init__.py - → GET https://abstractendeavors.com/api/endpoints
2025-08-24 00:24:35,911 - INFO - /home/computron/Documents/pythonTools/modules/abstract_apis/src/abstract_apis/apiTab/__init__.py - ✔ GET https://abstractendeavors.com/api/endpoints
2025-08-24 00:25:42,991 - INFO - /home/computron/Documents/pythonTools/modules/abstract_apis/src/abstract_apis/apiTab/__init__.py - → GET https://abstractendeavors.com/api/endpoints
2025-08-24 00:25:43,115 - INFO - /home/computron/Documents/pythonTools/modules/abstract_apis/src/abstract_apis/apiTab/__init__.py - ✔ GET https://abstractendeavors.com/api/endpoints
2025-08-24 00:26:07,970 - INFO - /home/computron/Documents/pythonTools/modules/abstract_apis/src/abstract_apis/apiTab/__init__.py - → GET https://clownworld.biz/media/endpoints
2025-08-24 00:26:08,126 - INFO - /home/computron/Documents/pythonTools/modules/abstract_apis/src/abstract_apis/apiTab/__init__.py - ✔ GET https://clownworld.biz/media/endpoints
2025-08-24 00:27:10,942 - INFO - /home/computron/Documents/pythonTools/modules/abstract_apis/src/abstract_apis/apiTab/__init__.py - → GET https://abstractendeavors.com/api/endpoints
2025-08-24 00:27:11,075 - INFO - /home/computron/Documents/pythonTools/modules/abstract_apis/src/abstract_apis/apiTab/__init__.py - ✔ GET https://abstractendeavors.com/api/endpoints
2025-08-24 00:27:39,443 - INFO - /home/computron/Documents/pythonTools/modules/abstract_apis/src/abstract_apis/apiTab/__init__.py - → GET https://abstractendeavors.com/api/endpoints
2025-08-24 00:27:39,565 - ERROR - /home/computron/Documents/pythonTools/modules/abstract_apis/src/abstract_apis/apiTab/__init__.py - ✖ GET https://abstractendeavors.com/api/endpoints — NetworkError.InternalServerError: Error transferring https://abstractendeavors.com/api/endpoints - server replied: 
2025-08-24 00:27:46,263 - INFO - /home/computron/Documents/pythonTools/modules/abstract_apis/src/abstract_apis/apiTab/__init__.py - → GET https://abstractendeavors.com/api/endpoints
2025-08-24 00:27:46,323 - INFO - /home/computron/Documents/pythonTools/modules/abstract_apis/src/abstract_apis/apiTab/__init__.py - ✔ GET https://abstractendeavors.com/api/endpoints
2025-08-24 00:30:51,611 - INFO - /home/computron/Documents/pythonTools/modules/abstract_apis/src/abstract_apis/apiTab/__init__.py - → GET https://abstractendeavors.com/api/endpoints
2025-08-24 00:30:51,796 - INFO - /home/computron/Documents/pythonTools/modules/abstract_apis/src/abstract_apis/apiTab/__init__.py - ✔ GET https://abstractendeavors.com/api/endpoints
2025-08-24 00:30:51,807 - ERROR - /home/computron/Documents/pythonTools/modules/abstract_apis/src/abstract_apis/apiTab/__init__.py - Failed to parse endpoints: Expecting value: line 1 column 1 (char 0)
2025-08-24 00:31:35,892 - INFO - /home/computron/Documents/pythonTools/modules/abstract_apis/src/abstract_apis/apiTab/__init__.py - → GET https://abstractendeavors.com/api/endpoints
2025-08-24 00:31:36,052 - ERROR - /home/computron/Documents/pythonTools/modules/abstract_apis/src/abstract_apis/apiTab/__init__.py - ✖ GET https://abstractendeavors.com/api/endpoints — NetworkError.InternalServerError: Error transferring https://abstractendeavors.com/api/endpoints - server replied: 
2025-08-24 00:31:36,076 - WARNING - /home/computron/Documents/pythonTools/modules/abstract_apis/src/abstract_apis/apiTab/__init__.py - Retrying fetch due to InternalServerError
2025-08-24 00:31:37,109 - INFO - /home/computron/Documents/pythonTools/modules/abstract_apis/src/abstract_apis/apiTab/__init__.py - → GET https://abstractendeavors.com/api/endpoints
2025-08-24 00:31:37,156 - ERROR - /home/computron/Documents/pythonTools/modules/abstract_apis/src/abstract_apis/apiTab/__init__.py - ✖ GET https://abstractendeavors.com/api/endpoints — NetworkError.InternalServerError: Error transferring https://abstractendeavors.com/api/endpoints - server replied: 
2025-08-24 00:31:37,182 - WARNING - /home/computron/Documents/pythonTools/modules/abstract_apis/src/abstract_apis/apiTab/__init__.py - Retrying fetch due to InternalServerError
2025-08-24 00:31:38,214 - INFO - /home/computron/Documents/pythonTools/modules/abstract_apis/src/abstract_apis/apiTab/__init__.py - → GET https://abstractendeavors.com/api/endpoints
2025-08-24 00:31:38,239 - ERROR - /home/computron/Documents/pythonTools/modules/abstract_apis/src/abstract_apis/apiTab/__init__.py - ✖ GET https://abstractendeavors.com/api/endpoints — NetworkError.InternalServerError: Error transferring https://abstractendeavors.com/api/endpoints - server replied: 
2025-08-24 00:31:38,244 - WARNING - /home/computron/Documents/pythonTools/modules/abstract_apis/src/abstract_apis/apiTab/__init__.py - Retrying fetch due to InternalServerError
2025-08-24 00:31:39,267 - INFO - /home/computron/Documents/pythonTools/modules/abstract_apis/src/abstract_apis/apiTab/__init__.py - → GET https://abstractendeavors.com/api/endpoints
2025-08-24 00:31:39,306 - INFO - /home/computron/Documents/pythonTools/modules/abstract_apis/src/abstract_apis/apiTab/__init__.py - ✔ GET https://abstractendeavors.com/api/endpoints
2025-08-24 00:31:39,319 - ERROR - /home/computron/Documents/pythonTools/modules/abstract_apis/src/abstract_apis/apiTab/__init__.py - Failed to parse endpoints: Expecting value: line 1 column 1 (char 0)
2025-08-24 00:32:10,355 - INFO - /home/computron/Documents/pythonTools/modules/abstract_apis/src/abstract_apis/apiTab/__init__.py - → GET https://clownworld.biz/api/endpoints
2025-08-24 00:32:10,465 - INFO - /home/computron/Documents/pythonTools/modules/abstract_apis/src/abstract_apis/apiTab/__init__.py - ✔ GET https://clownworld.biz/api/endpoints
2025-08-24 00:32:10,481 - ERROR - /home/computron/Documents/pythonTools/modules/abstract_apis/src/abstract_apis/apiTab/__init__.py - Failed to parse endpoints: Expecting value: line 1 column 1 (char 0)
2025-08-24 00:32:20,619 - INFO - /home/computron/Documents/pythonTools/modules/abstract_apis/src/abstract_apis/apiTab/__init__.py - → GET https://clownworld.biz/media/endpoints
2025-08-24 00:32:20,663 - INFO - /home/computron/Documents/pythonTools/modules/abstract_apis/src/abstract_apis/apiTab/__init__.py - ✔ GET https://clownworld.biz/media/endpoints
2025-08-24 00:32:20,699 - ERROR - /home/computron/Documents/pythonTools/modules/abstract_apis/src/abstract_apis/apiTab/__init__.py - Failed to parse endpoints: Expecting value: line 1 column 1 (char 0)
2025-08-24 00:33:18,482 - INFO - /home/computron/Documents/pythonTools/modules/abstract_apis/src/abstract_apis/apiTab/__init__.py - → GET https://abstractendeavors.com/api/endpoints
2025-08-24 00:33:18,612 - INFO - /home/computron/Documents/pythonTools/modules/abstract_apis/src/abstract_apis/apiTab/__init__.py - ✔ GET https://abstractendeavors.com/api/endpoints
2025-08-24 00:33:18,622 - ERROR - /home/computron/Documents/pythonTools/modules/abstract_apis/src/abstract_apis/apiTab/__init__.py - Failed to parse endpoints: Expecting value: line 1 column 1 (char 0)
2025-08-24 00:34:44,006 - INFO - /home/computron/Documents/pythonTools/modules/abstract_apis/src/abstract_apis/apiTab/__init__.py - → GET https://abstractendeavors.com/api/endpoints
2025-08-24 00:34:44,173 - ERROR - /home/computron/Documents/pythonTools/modules/abstract_apis/src/abstract_apis/apiTab/__init__.py - ✖ GET https://abstractendeavors.com/api/endpoints — NetworkError.InternalServerError: Error transferring https://abstractendeavors.com/api/endpoints - server replied: 
2025-08-24 00:34:44,221 - WARNING - /home/computron/Documents/pythonTools/modules/abstract_apis/src/abstract_apis/apiTab/__init__.py - Retrying fetch due to InternalServerError (attempt 1/3)
2025-08-24 00:34:45,233 - INFO - /home/computron/Documents/pythonTools/modules/abstract_apis/src/abstract_apis/apiTab/__init__.py - → GET https://abstractendeavors.com/api/endpoints
2025-08-24 00:34:45,256 - ERROR - /home/computron/Documents/pythonTools/modules/abstract_apis/src/abstract_apis/apiTab/__init__.py - ✖ GET https://abstractendeavors.com/api/endpoints — NetworkError.InternalServerError: Error transferring https://abstractendeavors.com/api/endpoints - server replied: 
2025-08-24 00:34:45,260 - WARNING - /home/computron/Documents/pythonTools/modules/abstract_apis/src/abstract_apis/apiTab/__init__.py - Retrying fetch due to InternalServerError (attempt 2/3)
2025-08-24 00:34:46,276 - INFO - /home/computron/Documents/pythonTools/modules/abstract_apis/src/abstract_apis/apiTab/__init__.py - → GET https://abstractendeavors.com/api/endpoints
2025-08-24 00:34:46,302 - ERROR - /home/computron/Documents/pythonTools/modules/abstract_apis/src/abstract_apis/apiTab/__init__.py - ✖ GET https://abstractendeavors.com/api/endpoints — NetworkError.InternalServerError: Error transferring https://abstractendeavors.com/api/endpoints - server replied: 
2025-08-24 00:34:46,319 - WARNING - /home/computron/Documents/pythonTools/modules/abstract_apis/src/abstract_apis/apiTab/__init__.py - Retrying fetch due to InternalServerError (attempt 3/3)
2025-08-24 00:34:47,324 - ERROR - /home/computron/Documents/pythonTools/modules/abstract_apis/src/abstract_apis/apiTab/__init__.py - Max retries (3) reached for fetching endpoints
2025-08-24 00:34:52,191 - INFO - /home/computron/Documents/pythonTools/modules/abstract_apis/src/abstract_apis/apiTab/__init__.py - → GET https://abstractendeavors.com/api/endpoints
2025-08-24 00:34:52,207 - ERROR - /home/computron/Documents/pythonTools/modules/abstract_apis/src/abstract_apis/apiTab/__init__.py - ✖ GET https://abstractendeavors.com/api/endpoints — NetworkError.InternalServerError: Error transferring https://abstractendeavors.com/api/endpoints - server replied: 
2025-08-24 00:34:52,239 - WARNING - /home/computron/Documents/pythonTools/modules/abstract_apis/src/abstract_apis/apiTab/__init__.py - Retrying fetch due to InternalServerError (attempt 1/3)
2025-08-24 00:34:53,254 - INFO - /home/computron/Documents/pythonTools/modules/abstract_apis/src/abstract_apis/apiTab/__init__.py - → GET https://abstractendeavors.com/api/endpoints
2025-08-24 00:34:53,274 - INFO - /home/computron/Documents/pythonTools/modules/abstract_apis/src/abstract_apis/apiTab/__init__.py - ✔ GET https://abstractendeavors.com/api/endpoints
2025-08-24 00:34:53,293 - WARNING - /home/computron/Documents/pythonTools/modules/abstract_apis/src/abstract_apis/apiTab/__init__.py - Empty response from https://abstractendeavors.com/api/endpoints, retrying (attempt 2/3)
2025-08-24 00:34:54,316 - INFO - /home/computron/Documents/pythonTools/modules/abstract_apis/src/abstract_apis/apiTab/__init__.py - → GET https://abstractendeavors.com/api/endpoints
2025-08-24 00:34:54,339 - ERROR - /home/computron/Documents/pythonTools/modules/abstract_apis/src/abstract_apis/apiTab/__init__.py - ✖ GET https://abstractendeavors.com/api/endpoints — NetworkError.InternalServerError: Error transferring https://abstractendeavors.com/api/endpoints - server replied: 
2025-08-24 00:34:54,345 - WARNING - /home/computron/Documents/pythonTools/modules/abstract_apis/src/abstract_apis/apiTab/__init__.py - Retrying fetch due to InternalServerError (attempt 3/3)
2025-08-24 00:34:55,348 - ERROR - /home/computron/Documents/pythonTools/modules/abstract_apis/src/abstract_apis/apiTab/__init__.py - Max retries (3) reached for fetching endpoints
2025-08-24 00:34:59,086 - INFO - /home/computron/Documents/pythonTools/modules/abstract_apis/src/abstract_apis/apiTab/__init__.py - → GET https://abstractendeavors.com/api/endpoints
2025-08-24 00:34:59,112 - ERROR - /home/computron/Documents/pythonTools/modules/abstract_apis/src/abstract_apis/apiTab/__init__.py - ✖ GET https://abstractendeavors.com/api/endpoints — NetworkError.InternalServerError: Error transferring https://abstractendeavors.com/api/endpoints - server replied: 
2025-08-24 00:34:59,124 - WARNING - /home/computron/Documents/pythonTools/modules/abstract_apis/src/abstract_apis/apiTab/__init__.py - Retrying fetch due to InternalServerError (attempt 1/3)
2025-08-24 00:35:00,148 - INFO - /home/computron/Documents/pythonTools/modules/abstract_apis/src/abstract_apis/apiTab/__init__.py - → GET https://abstractendeavors.com/api/endpoints
2025-08-24 00:35:00,177 - ERROR - /home/computron/Documents/pythonTools/modules/abstract_apis/src/abstract_apis/apiTab/__init__.py - ✖ GET https://abstractendeavors.com/api/endpoints — NetworkError.InternalServerError: Error transferring https://abstractendeavors.com/api/endpoints - server replied: 
2025-08-24 00:35:00,205 - WARNING - /home/computron/Documents/pythonTools/modules/abstract_apis/src/abstract_apis/apiTab/__init__.py - Retrying fetch due to InternalServerError (attempt 2/3)
2025-08-24 00:35:01,243 - INFO - /home/computron/Documents/pythonTools/modules/abstract_apis/src/abstract_apis/apiTab/__init__.py - → GET https://abstractendeavors.com/api/endpoints
2025-08-24 00:35:01,260 - ERROR - /home/computron/Documents/pythonTools/modules/abstract_apis/src/abstract_apis/apiTab/__init__.py - ✖ GET https://abstractendeavors.com/api/endpoints — NetworkError.InternalServerError: Error transferring https://abstractendeavors.com/api/endpoints - server replied: 
2025-08-24 00:35:01,268 - WARNING - /home/computron/Documents/pythonTools/modules/abstract_apis/src/abstract_apis/apiTab/__init__.py - Retrying fetch due to InternalServerError (attempt 3/3)
2025-08-24 00:35:02,284 - ERROR - /home/computron/Documents/pythonTools/modules/abstract_apis/src/abstract_apis/apiTab/__init__.py - Max retries (3) reached for fetching endpoints
