2025-08-16 17:23:44,479 - INFO - /home/computron/miniconda/lib/python3.12/site-packages/abstract_clipit/clipit/gui_frontend/drag_and_drop_component/file_drop_area/file_drop_area.py - [2025-08-16 17:23:44] _filtered_file_list returned 28 path(s)
2025-08-16 17:23:44,479 - INFO - /home/computron/miniconda/lib/python3.12/site-packages/abstract_clipit/clipit/gui_frontend/drag_and_drop_component/file_drop_area/file_drop_area.py - [2025-08-16 17:23:44] Proceeding to process 28 file(s).
2025-08-16 17:23:44,480 - INFO - /home/computron/miniconda/lib/python3.12/site-packages/abstract_clipit/clipit/gui_frontend/drag_and_drop_component/file_drop_area/file_drop_area.py - [2025-08-16 17:23:44] Found extensions: {'.py'}
2025-08-16 17:23:44,481 - INFO - /home/computron/miniconda/lib/python3.12/site-packages/abstract_clipit/clipit/gui_frontend/drag_and_drop_component/file_drop_area/file_drop_area.py - [2025-08-16 17:23:44] Directory pieces: {'DirectoryMapTab', 'abstract_ide-0.0.0.308', 'functions_page', 'initialize_init', 'init_tabs', 'functions', 'mainWindow', 'finder', 'junk', 'computron', 'managers', 'utils', 'Downloads', 'CollectFilesTab', 'src', 'FinderTab', 'ExtractImportsTab', 'runner', 'home', 'abstract_ide', 'DiffParserTab'}
2025-08-16 17:23:44,482 - INFO - /home/computron/miniconda/lib/python3.12/site-packages/abstract_clipit/clipit/gui_frontend/drag_and_drop_component/file_drop_area/file_drop_area.py - [2025-08-16 17:23:44] Visible extensions: {'.py'}
2025-08-16 17:23:44,482 - INFO - /home/computron/miniconda/lib/python3.12/site-packages/abstract_clipit/clipit/gui_frontend/drag_and_drop_component/imports/utils.py - pieces = []
strings == []
2025-08-16 17:23:44,482 - INFO - /home/computron/miniconda/lib/python3.12/site-packages/abstract_clipit/clipit/gui_frontend/drag_and_drop_component/imports/utils.py - pieces = []
strings == []
2025-08-16 17:23:44,482 - INFO - /home/computron/miniconda/lib/python3.12/site-packages/abstract_clipit/clipit/gui_frontend/drag_and_drop_component/imports/utils.py - pieces = []
strings == []
2025-08-16 17:23:44,482 - INFO - /home/computron/miniconda/lib/python3.12/site-packages/abstract_clipit/clipit/gui_frontend/drag_and_drop_component/imports/utils.py - pieces = []
strings == []
2025-08-16 17:23:44,482 - INFO - /home/computron/miniconda/lib/python3.12/site-packages/abstract_clipit/clipit/gui_frontend/drag_and_drop_component/imports/utils.py - pieces = []
strings == []
2025-08-16 17:23:44,482 - INFO - /home/computron/miniconda/lib/python3.12/site-packages/abstract_clipit/clipit/gui_frontend/drag_and_drop_component/imports/utils.py - pieces = []
strings == []
2025-08-16 17:23:44,482 - INFO - /home/computron/miniconda/lib/python3.12/site-packages/abstract_clipit/clipit/gui_frontend/drag_and_drop_component/imports/utils.py - pieces = []
strings == []
2025-08-16 17:23:44,482 - INFO - /home/computron/miniconda/lib/python3.12/site-packages/abstract_clipit/clipit/gui_frontend/drag_and_drop_component/imports/utils.py - pieces = []
strings == []
2025-08-16 17:23:44,482 - INFO - /home/computron/miniconda/lib/python3.12/site-packages/abstract_clipit/clipit/gui_frontend/drag_and_drop_component/imports/utils.py - pieces = []
strings == []
2025-08-16 17:23:44,482 - INFO - /home/computron/miniconda/lib/python3.12/site-packages/abstract_clipit/clipit/gui_frontend/drag_and_drop_component/imports/utils.py - pieces = []
strings == []
2025-08-16 17:23:44,482 - INFO - /home/computron/miniconda/lib/python3.12/site-packages/abstract_clipit/clipit/gui_frontend/drag_and_drop_component/imports/utils.py - pieces = []
strings == []
2025-08-16 17:23:44,482 - INFO - /home/computron/miniconda/lib/python3.12/site-packages/abstract_clipit/clipit/gui_frontend/drag_and_drop_component/imports/utils.py - pieces = []
strings == []
2025-08-16 17:23:44,482 - INFO - /home/computron/miniconda/lib/python3.12/site-packages/abstract_clipit/clipit/gui_frontend/drag_and_drop_component/imports/utils.py - pieces = []
strings == []
2025-08-16 17:23:44,483 - INFO - /home/computron/miniconda/lib/python3.12/site-packages/abstract_clipit/clipit/gui_frontend/drag_and_drop_component/imports/utils.py - pieces = []
strings == []
2025-08-16 17:23:44,483 - INFO - /home/computron/miniconda/lib/python3.12/site-packages/abstract_clipit/clipit/gui_frontend/drag_and_drop_component/imports/utils.py - pieces = []
strings == []
2025-08-16 17:23:44,483 - INFO - /home/computron/miniconda/lib/python3.12/site-packages/abstract_clipit/clipit/gui_frontend/drag_and_drop_component/imports/utils.py - pieces = []
strings == []
2025-08-16 17:23:44,483 - INFO - /home/computron/miniconda/lib/python3.12/site-packages/abstract_clipit/clipit/gui_frontend/drag_and_drop_component/imports/utils.py - pieces = []
strings == []
2025-08-16 17:23:44,483 - INFO - /home/computron/miniconda/lib/python3.12/site-packages/abstract_clipit/clipit/gui_frontend/drag_and_drop_component/imports/utils.py - pieces = []
strings == []
2025-08-16 17:23:44,483 - INFO - /home/computron/miniconda/lib/python3.12/site-packages/abstract_clipit/clipit/gui_frontend/drag_and_drop_component/imports/utils.py - pieces = []
strings == []
2025-08-16 17:23:44,483 - INFO - /home/computron/miniconda/lib/python3.12/site-packages/abstract_clipit/clipit/gui_frontend/drag_and_drop_component/imports/utils.py - pieces = []
strings == []
2025-08-16 17:23:44,483 - INFO - /home/computron/miniconda/lib/python3.12/site-packages/abstract_clipit/clipit/gui_frontend/drag_and_drop_component/imports/utils.py - pieces = []
strings == []
2025-08-16 17:23:44,483 - INFO - /home/computron/miniconda/lib/python3.12/site-packages/abstract_clipit/clipit/gui_frontend/drag_and_drop_component/imports/utils.py - pieces = []
strings == []
2025-08-16 17:23:44,483 - INFO - /home/computron/miniconda/lib/python3.12/site-packages/abstract_clipit/clipit/gui_frontend/drag_and_drop_component/imports/utils.py - pieces = []
strings == []
2025-08-16 17:23:44,483 - INFO - /home/computron/miniconda/lib/python3.12/site-packages/abstract_clipit/clipit/gui_frontend/drag_and_drop_component/imports/utils.py - pieces = []
strings == []
2025-08-16 17:23:44,483 - INFO - /home/computron/miniconda/lib/python3.12/site-packages/abstract_clipit/clipit/gui_frontend/drag_and_drop_component/imports/utils.py - pieces = []
strings == []
2025-08-16 17:23:44,483 - INFO - /home/computron/miniconda/lib/python3.12/site-packages/abstract_clipit/clipit/gui_frontend/drag_and_drop_component/imports/utils.py - pieces = []
strings == []
2025-08-16 17:23:44,483 - INFO - /home/computron/miniconda/lib/python3.12/site-packages/abstract_clipit/clipit/gui_frontend/drag_and_drop_component/imports/utils.py - pieces = []
strings == []
2025-08-16 17:23:44,483 - INFO - /home/computron/miniconda/lib/python3.12/site-packages/abstract_clipit/clipit/gui_frontend/drag_and_drop_component/imports/utils.py - pieces = []
strings == []
2025-08-16 17:23:44,800 - INFO - /home/computron/miniconda/lib/python3.12/site-packages/abstract_clipit/clipit/gui_frontend/drag_and_drop_component/file_drop_area/file_drop_area.py - [2025-08-16 17:23:44] _filtered_file_list returned 28 path(s)
2025-08-16 17:23:44,801 - INFO - /home/computron/miniconda/lib/python3.12/site-packages/abstract_clipit/clipit/gui_frontend/drag_and_drop_component/file_drop_area/file_drop_area.py - [2025-08-16 17:23:44] Proceeding to process 28 file(s).
2025-08-16 17:23:58,586 - INFO - /home/computron/miniconda/lib/python3.12/site-packages/abstract_clipit/clipit/gui_frontend/drag_and_drop_component/file_drop_area/file_drop_area.py - [2025-08-16 17:23:58] _filtered_file_list returned 47 path(s)
2025-08-16 17:23:58,587 - INFO - /home/computron/miniconda/lib/python3.12/site-packages/abstract_clipit/clipit/gui_frontend/drag_and_drop_component/file_drop_area/file_drop_area.py - [2025-08-16 17:23:58] Proceeding to process 47 file(s).
2025-08-16 17:23:58,587 - INFO - /home/computron/miniconda/lib/python3.12/site-packages/abstract_clipit/clipit/gui_frontend/drag_and_drop_component/file_drop_area/file_drop_area.py - [2025-08-16 17:23:58] Found extensions: {'.py'}
2025-08-16 17:23:58,588 - INFO - /home/computron/miniconda/lib/python3.12/site-packages/abstract_clipit/clipit/gui_frontend/drag_and_drop_component/file_drop_area/file_drop_area.py - [2025-08-16 17:23:58] Directory pieces: {'DirectoryMapTab', 'abstract_ide-0.0.0.308', 'functions_page', 'initialize_init', 'init_tabs', 'functions', 'mainWindow', 'finder', 'junk', 'computron', 'managers', 'utils', 'Downloads', 'CollectFilesTab', 'clickHandlers', 'src', 'imports', 'FinderTab', 'widgets', 'ExtractImportsTab', 'runner', 'home', 'abstract_ide', 'DiffParserTab'}
2025-08-16 17:23:58,589 - INFO - /home/computron/miniconda/lib/python3.12/site-packages/abstract_clipit/clipit/gui_frontend/drag_and_drop_component/file_drop_area/file_drop_area.py - [2025-08-16 17:23:58] Visible extensions: {'.py'}
2025-08-16 17:23:58,589 - INFO - /home/computron/miniconda/lib/python3.12/site-packages/abstract_clipit/clipit/gui_frontend/drag_and_drop_component/imports/utils.py - pieces = []
strings == []
2025-08-16 17:23:58,589 - INFO - /home/computron/miniconda/lib/python3.12/site-packages/abstract_clipit/clipit/gui_frontend/drag_and_drop_component/imports/utils.py - pieces = []
strings == []
2025-08-16 17:23:58,589 - INFO - /home/computron/miniconda/lib/python3.12/site-packages/abstract_clipit/clipit/gui_frontend/drag_and_drop_component/imports/utils.py - pieces = []
strings == []
2025-08-16 17:23:58,589 - INFO - /home/computron/miniconda/lib/python3.12/site-packages/abstract_clipit/clipit/gui_frontend/drag_and_drop_component/imports/utils.py - pieces = []
strings == []
2025-08-16 17:23:58,589 - INFO - /home/computron/miniconda/lib/python3.12/site-packages/abstract_clipit/clipit/gui_frontend/drag_and_drop_component/imports/utils.py - pieces = []
strings == []
2025-08-16 17:23:58,590 - INFO - /home/computron/miniconda/lib/python3.12/site-packages/abstract_clipit/clipit/gui_frontend/drag_and_drop_component/imports/utils.py - pieces = []
strings == []
2025-08-16 17:23:58,590 - INFO - /home/computron/miniconda/lib/python3.12/site-packages/abstract_clipit/clipit/gui_frontend/drag_and_drop_component/imports/utils.py - pieces = []
strings == []
2025-08-16 17:23:58,590 - INFO - /home/computron/miniconda/lib/python3.12/site-packages/abstract_clipit/clipit/gui_frontend/drag_and_drop_component/imports/utils.py - pieces = []
strings == []
2025-08-16 17:23:58,590 - INFO - /home/computron/miniconda/lib/python3.12/site-packages/abstract_clipit/clipit/gui_frontend/drag_and_drop_component/imports/utils.py - pieces = []
strings == []
2025-08-16 17:23:58,590 - INFO - /home/computron/miniconda/lib/python3.12/site-packages/abstract_clipit/clipit/gui_frontend/drag_and_drop_component/imports/utils.py - pieces = []
strings == []
2025-08-16 17:23:58,590 - INFO - /home/computron/miniconda/lib/python3.12/site-packages/abstract_clipit/clipit/gui_frontend/drag_and_drop_component/imports/utils.py - pieces = []
strings == []
2025-08-16 17:23:58,590 - INFO - /home/computron/miniconda/lib/python3.12/site-packages/abstract_clipit/clipit/gui_frontend/drag_and_drop_component/imports/utils.py - pieces = []
strings == []
2025-08-16 17:23:58,590 - INFO - /home/computron/miniconda/lib/python3.12/site-packages/abstract_clipit/clipit/gui_frontend/drag_and_drop_component/imports/utils.py - pieces = []
strings == []
2025-08-16 17:23:58,590 - INFO - /home/computron/miniconda/lib/python3.12/site-packages/abstract_clipit/clipit/gui_frontend/drag_and_drop_component/imports/utils.py - pieces = []
strings == []
2025-08-16 17:23:58,590 - INFO - /home/computron/miniconda/lib/python3.12/site-packages/abstract_clipit/clipit/gui_frontend/drag_and_drop_component/imports/utils.py - pieces = []
strings == []
2025-08-16 17:23:58,590 - INFO - /home/computron/miniconda/lib/python3.12/site-packages/abstract_clipit/clipit/gui_frontend/drag_and_drop_component/imports/utils.py - pieces = []
strings == []
2025-08-16 17:23:58,590 - INFO - /home/computron/miniconda/lib/python3.12/site-packages/abstract_clipit/clipit/gui_frontend/drag_and_drop_component/imports/utils.py - pieces = []
strings == []
2025-08-16 17:23:58,590 - INFO - /home/computron/miniconda/lib/python3.12/site-packages/abstract_clipit/clipit/gui_frontend/drag_and_drop_component/imports/utils.py - pieces = []
strings == []
2025-08-16 17:23:58,590 - INFO - /home/computron/miniconda/lib/python3.12/site-packages/abstract_clipit/clipit/gui_frontend/drag_and_drop_component/imports/utils.py - pieces = []
strings == []
2025-08-16 17:23:58,590 - INFO - /home/computron/miniconda/lib/python3.12/site-packages/abstract_clipit/clipit/gui_frontend/drag_and_drop_component/imports/utils.py - pieces = []
strings == []
2025-08-16 17:23:58,590 - INFO - /home/computron/miniconda/lib/python3.12/site-packages/abstract_clipit/clipit/gui_frontend/drag_and_drop_component/imports/utils.py - pieces = []
strings == []
2025-08-16 17:23:58,590 - INFO - /home/computron/miniconda/lib/python3.12/site-packages/abstract_clipit/clipit/gui_frontend/drag_and_drop_component/imports/utils.py - pieces = []
strings == []
2025-08-16 17:23:58,590 - INFO - /home/computron/miniconda/lib/python3.12/site-packages/abstract_clipit/clipit/gui_frontend/drag_and_drop_component/imports/utils.py - pieces = []
strings == []
2025-08-16 17:23:58,591 - INFO - /home/computron/miniconda/lib/python3.12/site-packages/abstract_clipit/clipit/gui_frontend/drag_and_drop_component/imports/utils.py - pieces = []
strings == []
2025-08-16 17:23:58,591 - INFO - /home/computron/miniconda/lib/python3.12/site-packages/abstract_clipit/clipit/gui_frontend/drag_and_drop_component/imports/utils.py - pieces = []
strings == []
2025-08-16 17:23:58,591 - INFO - /home/computron/miniconda/lib/python3.12/site-packages/abstract_clipit/clipit/gui_frontend/drag_and_drop_component/imports/utils.py - pieces = []
strings == []
2025-08-16 17:23:58,591 - INFO - /home/computron/miniconda/lib/python3.12/site-packages/abstract_clipit/clipit/gui_frontend/drag_and_drop_component/imports/utils.py - pieces = []
strings == []
2025-08-16 17:23:58,591 - INFO - /home/computron/miniconda/lib/python3.12/site-packages/abstract_clipit/clipit/gui_frontend/drag_and_drop_component/imports/utils.py - pieces = []
strings == []
2025-08-16 17:23:58,591 - INFO - /home/computron/miniconda/lib/python3.12/site-packages/abstract_clipit/clipit/gui_frontend/drag_and_drop_component/imports/utils.py - pieces = []
strings == []
2025-08-16 17:23:58,591 - INFO - /home/computron/miniconda/lib/python3.12/site-packages/abstract_clipit/clipit/gui_frontend/drag_and_drop_component/imports/utils.py - pieces = []
strings == []
2025-08-16 17:23:58,591 - INFO - /home/computron/miniconda/lib/python3.12/site-packages/abstract_clipit/clipit/gui_frontend/drag_and_drop_component/imports/utils.py - pieces = []
strings == []
2025-08-16 17:23:58,591 - INFO - /home/computron/miniconda/lib/python3.12/site-packages/abstract_clipit/clipit/gui_frontend/drag_and_drop_component/imports/utils.py - pieces = []
strings == []
2025-08-16 17:23:58,591 - INFO - /home/computron/miniconda/lib/python3.12/site-packages/abstract_clipit/clipit/gui_frontend/drag_and_drop_component/imports/utils.py - pieces = []
strings == []
2025-08-16 17:23:58,591 - INFO - /home/computron/miniconda/lib/python3.12/site-packages/abstract_clipit/clipit/gui_frontend/drag_and_drop_component/imports/utils.py - pieces = []
strings == []
2025-08-16 17:23:58,591 - INFO - /home/computron/miniconda/lib/python3.12/site-packages/abstract_clipit/clipit/gui_frontend/drag_and_drop_component/imports/utils.py - pieces = []
strings == []
2025-08-16 17:23:58,591 - INFO - /home/computron/miniconda/lib/python3.12/site-packages/abstract_clipit/clipit/gui_frontend/drag_and_drop_component/imports/utils.py - pieces = []
strings == []
2025-08-16 17:23:58,591 - INFO - /home/computron/miniconda/lib/python3.12/site-packages/abstract_clipit/clipit/gui_frontend/drag_and_drop_component/imports/utils.py - pieces = []
strings == []
2025-08-16 17:23:58,591 - INFO - /home/computron/miniconda/lib/python3.12/site-packages/abstract_clipit/clipit/gui_frontend/drag_and_drop_component/imports/utils.py - pieces = []
strings == []
2025-08-16 17:23:58,591 - INFO - /home/computron/miniconda/lib/python3.12/site-packages/abstract_clipit/clipit/gui_frontend/drag_and_drop_component/imports/utils.py - pieces = []
strings == []
2025-08-16 17:23:58,591 - INFO - /home/computron/miniconda/lib/python3.12/site-packages/abstract_clipit/clipit/gui_frontend/drag_and_drop_component/imports/utils.py - pieces = []
strings == []
2025-08-16 17:23:58,591 - INFO - /home/computron/miniconda/lib/python3.12/site-packages/abstract_clipit/clipit/gui_frontend/drag_and_drop_component/imports/utils.py - pieces = []
strings == []
2025-08-16 17:23:58,591 - INFO - /home/computron/miniconda/lib/python3.12/site-packages/abstract_clipit/clipit/gui_frontend/drag_and_drop_component/imports/utils.py - pieces = []
strings == []
2025-08-16 17:23:58,592 - INFO - /home/computron/miniconda/lib/python3.12/site-packages/abstract_clipit/clipit/gui_frontend/drag_and_drop_component/imports/utils.py - pieces = []
strings == []
2025-08-16 17:23:58,592 - INFO - /home/computron/miniconda/lib/python3.12/site-packages/abstract_clipit/clipit/gui_frontend/drag_and_drop_component/imports/utils.py - pieces = []
strings == []
2025-08-16 17:23:58,592 - INFO - /home/computron/miniconda/lib/python3.12/site-packages/abstract_clipit/clipit/gui_frontend/drag_and_drop_component/imports/utils.py - pieces = []
strings == []
2025-08-16 17:23:58,592 - INFO - /home/computron/miniconda/lib/python3.12/site-packages/abstract_clipit/clipit/gui_frontend/drag_and_drop_component/imports/utils.py - pieces = []
strings == []
2025-08-16 17:23:58,592 - INFO - /home/computron/miniconda/lib/python3.12/site-packages/abstract_clipit/clipit/gui_frontend/drag_and_drop_component/imports/utils.py - pieces = []
strings == []
2025-08-16 17:23:59,012 - INFO - /home/computron/miniconda/lib/python3.12/site-packages/abstract_clipit/clipit/gui_frontend/drag_and_drop_component/file_drop_area/file_drop_area.py - [2025-08-16 17:23:59] _filtered_file_list returned 47 path(s)
2025-08-16 17:23:59,012 - INFO - /home/computron/miniconda/lib/python3.12/site-packages/abstract_clipit/clipit/gui_frontend/drag_and_drop_component/file_drop_area/file_drop_area.py - [2025-08-16 17:23:59] Proceeding to process 47 file(s).
